<?xml version="1.0" encoding="UTF-8"?>
<!-- Generated by org.testng.reporters.JUnitReportReporter -->
<testsuite hostname="DESKTOP-5N90S86" failures="0" tests="1" name="runnertable.TestRunner" time="113.416" errors="0" timestamp="2020-12-03T09:03:07 IST" skipped="0">
  <testcase classname="runnertable.TestRunner" name="feature" time="113.416"/>
  <system-out>
<br><img src='C:\Users\hp\Desktop\Automation\Screenshots\img1606966309692_01.png' height='300' width='300'/><br> <br><img src='C:\Users\hp\Desktop\Automation\Screenshots\img1606966336113_01.png' height='300' width='300'/><br> <br><img src='C:\Users\hp\Desktop\Automation\Screenshots\img1606966367362_01.png' height='300' width='300'/><br> <br><img src='C:\Users\hp\Desktop\Automation\Screenshots\img1606966369550_01.png' height='300' width='300'/><br> <br><img src='C:\Users\hp\Desktop\Automation\Screenshots\img1606966374457_01.png' height='300' width='300'/><br> <br><img src='C:\Users\hp\Desktop\Automation\Screenshots\img1606966386065_01.png' height='300' width='300'/><br>  </system-out>
</testsuite> <!-- runnertable.TestRunner -->
