<?xml version="1.0" encoding="UTF-8"?>
<!-- Generated by org.testng.reporters.JUnitReportReporter -->
<testsuite hostname="DESKTOP-5N90S86" failures="0" tests="3" name="parameter.Excelsheet" time="90.992" errors="0" timestamp="2020-12-03T08:59:01 IST" skipped="0">
  <testcase classname="parameter.Excelsheet" name="verify" time="40.673"/>
  <system-out/>
  <testcase classname="parameter.Excelsheet" name="verify" time="15.910"/>
  <system-out/>
  <testcase classname="parameter.Excelsheet" name="verify" time="34.409"/>
  <system-out/>
</testsuite> <!-- parameter.Excelsheet -->
